<?xml version="1.0" encoding="UTF-8"?><testsuite failures="0" name="cucumber.runtime.formatter.JUnitFormatter" skipped="1" tests="4" time="47.850395">
<testcase classname="My second application Feature (story :PS-101)" name="User can sort in the right order" time="17.70938">
<system-out><![CDATA[Given User is on google search page.........................................passed
When User type "Ben" on the search text box.................................passed
]]></system-out>
</testcase>
<testcase classname="MAGICAL APP Test-case (story :PS-102)" name="MAGICAL APP Test" time="9.542813">
<system-out><![CDATA[Given User is on google search page.........................................passed
When User type "Ben" on the search text box.................................passed
]]></system-out>
</testcase>
<testcase classname="User must see that sorting display (story :PS-103)" name="User verify sorting display in the right order" time="4.207466">
<system-out/>
<skipped message="The scenario has no steps"/>
</testcase>
<testcase classname="User must see that sorting display (story :PS-103)" name="User can sort in the right order" time="16.390736">
<system-out><![CDATA[Given User is on google search page.........................................passed
When User type "Ben" on the search text box.................................passed
]]></system-out>
</testcase>
</testsuite>
